<?xml version="1.0" encoding="UTF-8"?>
<robot generator="Robot 3.2.2 (Python 3.9.0 on win32)" generated="20201106 19:46:48.040" rpa="false">
<suite id="s1" name="Test" source="C:\qaninja\robot\test.robot">
<test id="s1-t1" name="Deve retornar mensagem de boas vindas">
<kw name="Welcome" library="app">
<arguments>
<arg>Fernando</arg>
</arguments>
<assign>
<var>${result}</var>
</assign>
<msg timestamp="20201106 19:46:48.102" level="INFO">${result} = Olá Fernando, bem vindo ao Curso básico de Robot Framework!</msg>
<status status="PASS" starttime="20201106 19:46:48.101" endtime="20201106 19:46:48.102"></status>
</kw>
<kw name="Should Be Equal" library="BuiltIn">
<doc>Fails if the given objects are unequal.</doc>
<arguments>
<arg>${result}</arg>
<arg>Olá Fernando, bem vindo ao Curso básico de Robot Framework!</arg>
</arguments>
<status status="PASS" starttime="20201106 19:46:48.102" endtime="20201106 19:46:48.103"></status>
</kw>
<status status="PASS" starttime="20201106 19:46:48.100" endtime="20201106 19:46:48.104" critical="yes"></status>
</test>
<status status="PASS" starttime="20201106 19:46:48.044" endtime="20201106 19:46:48.106"></status>
</suite>
<statistics>
<total>
<stat pass="1" fail="0">Critical Tests</stat>
<stat pass="1" fail="0">All Tests</stat>
</total>
<tag>
</tag>
<suite>
<stat pass="1" fail="0" id="s1" name="Test">Test</stat>
</suite>
</statistics>
<errors>
</errors>
</robot>
