<?xml version="1.0" encoding="UTF-8"?>
<robot generator="Robot 3.2.2 (Python 3.9.0 on win32)" generated="20201113 22:59:56.838" rpa="false">
<suite id="s1" name="Login Form" source="C:\qaninja\robot\web\tests\login_form.robot">
<test id="s1-t1" name="Login com Sucesso">
<kw name="Nova sessão" library="base" type="setup">
<kw name="Open Browser" library="SeleniumLibrary">
<doc>Opens a new browser instance to the optional ``url``.</doc>
<arguments>
<arg>${url}</arg>
<arg>chrome</arg>
</arguments>
<msg timestamp="20201113 22:59:58.483" level="INFO">Opening browser 'chrome' to base url 'https://training-wheels-protocol.herokuapp.com'.</msg>
<status status="PASS" starttime="20201113 22:59:58.482" endtime="20201113 23:00:10.233"></status>
</kw>
<status status="PASS" starttime="20201113 22:59:58.480" endtime="20201113 23:00:10.234"></status>
</kw>
<kw name="Go To" library="SeleniumLibrary">
<doc>Navigates the current browser window to the provided ``url``.</doc>
<arguments>
<arg>${url}/login</arg>
</arguments>
<msg timestamp="20201113 23:00:10.257" level="INFO">Opening url 'https://training-wheels-protocol.herokuapp.com/login'</msg>
<status status="PASS" starttime="20201113 23:00:10.255" endtime="20201113 23:00:12.027"></status>
</kw>
<kw name="Login With">
<arguments>
<arg>stark</arg>
<arg>jarvis!</arg>
</arguments>
<kw name="Input Text" library="SeleniumLibrary">
<doc>Types the given ``text`` into the text field identified by ``locator``.</doc>
<arguments>
<arg>css:input[name=username]</arg>
<arg>${uname}</arg>
</arguments>
<msg timestamp="20201113 23:00:12.057" level="INFO">Typing text 'stark' into text field 'css:input[name=username]'.</msg>
<status status="PASS" starttime="20201113 23:00:12.056" endtime="20201113 23:00:12.667"></status>
</kw>
<kw name="Input Text" library="SeleniumLibrary">
<doc>Types the given ``text`` into the text field identified by ``locator``.</doc>
<arguments>
<arg>css:input[name=password]</arg>
<arg>${pass}</arg>
</arguments>
<msg timestamp="20201113 23:00:12.670" level="INFO">Typing text 'jarvis!' into text field 'css:input[name=password]'.</msg>
<status status="PASS" starttime="20201113 23:00:12.668" endtime="20201113 23:00:13.255"></status>
</kw>
<kw name="Click Element" library="SeleniumLibrary">
<doc>Click the element identified by ``locator``.</doc>
<arguments>
<arg>class:btn-login</arg>
</arguments>
<msg timestamp="20201113 23:00:13.258" level="INFO">Clicking element 'class:btn-login'.</msg>
<status status="PASS" starttime="20201113 23:00:13.257" endtime="20201113 23:00:14.574"></status>
</kw>
<status status="PASS" starttime="20201113 23:00:12.053" endtime="20201113 23:00:14.576"></status>
</kw>
<kw name="Should See Logged User">
<arguments>
<arg>Tony Stark</arg>
</arguments>
<kw name="Page Should Contain" library="SeleniumLibrary">
<doc>Verifies that current page contains ``text``.</doc>
<arguments>
<arg>Olá, ${full_name}. Você acessou a área logada!</arg>
</arguments>
<msg timestamp="20201113 23:00:14.690" level="INFO">Current page contains text 'Olá, Tony Stark. Você acessou a área logada!'.</msg>
<status status="PASS" starttime="20201113 23:00:14.590" endtime="20201113 23:00:14.691"></status>
</kw>
<status status="PASS" starttime="20201113 23:00:14.587" endtime="20201113 23:00:14.692"></status>
</kw>
<kw name="Encerra sessão" library="base" type="teardown">
<kw name="Capture Page Screenshot" library="SeleniumLibrary">
<doc>Takes a screenshot of the current page and embeds it into a log file.</doc>
<msg timestamp="20201113 23:00:15.540" level="INFO" html="yes">&lt;/td&gt;&lt;/tr&gt;&lt;tr&gt;&lt;td colspan="3"&gt;&lt;a href="selenium-screenshot-48.png"&gt;&lt;img src="selenium-screenshot-48.png" width="800px"&gt;&lt;/a&gt;</msg>
<status status="PASS" starttime="20201113 23:00:14.696" endtime="20201113 23:00:15.541"></status>
</kw>
<kw name="Close Browser" library="SeleniumLibrary">
<doc>Closes the current browser.</doc>
<status status="PASS" starttime="20201113 23:00:15.542" endtime="20201113 23:00:19.431"></status>
</kw>
<status status="PASS" starttime="20201113 23:00:14.694" endtime="20201113 23:00:19.432"></status>
</kw>
<status status="PASS" starttime="20201113 22:59:58.477" endtime="20201113 23:00:19.434" critical="yes"></status>
</test>
<test id="s1-t2" name="Senha Inválida">
<kw name="Nova sessão" library="base" type="setup">
<kw name="Open Browser" library="SeleniumLibrary">
<doc>Opens a new browser instance to the optional ``url``.</doc>
<arguments>
<arg>${url}</arg>
<arg>chrome</arg>
</arguments>
<msg timestamp="20201113 23:00:19.445" level="INFO">Opening browser 'chrome' to base url 'https://training-wheels-protocol.herokuapp.com'.</msg>
<status status="PASS" starttime="20201113 23:00:19.444" endtime="20201113 23:00:30.322"></status>
</kw>
<status status="PASS" starttime="20201113 23:00:19.442" endtime="20201113 23:00:30.324"></status>
</kw>
<kw name="Go To" library="SeleniumLibrary">
<doc>Navigates the current browser window to the provided ``url``.</doc>
<arguments>
<arg>${url}/login</arg>
</arguments>
<msg timestamp="20201113 23:00:30.328" level="INFO">Opening url 'https://training-wheels-protocol.herokuapp.com/login'</msg>
<status status="PASS" starttime="20201113 23:00:30.327" endtime="20201113 23:00:31.639"></status>
</kw>
<kw name="Login With">
<arguments>
<arg>stark</arg>
<arg>abc123</arg>
</arguments>
<kw name="Input Text" library="SeleniumLibrary">
<doc>Types the given ``text`` into the text field identified by ``locator``.</doc>
<arguments>
<arg>css:input[name=username]</arg>
<arg>${uname}</arg>
</arguments>
<msg timestamp="20201113 23:00:31.645" level="INFO">Typing text 'stark' into text field 'css:input[name=username]'.</msg>
<status status="PASS" starttime="20201113 23:00:31.644" endtime="20201113 23:00:32.383"></status>
</kw>
<kw name="Input Text" library="SeleniumLibrary">
<doc>Types the given ``text`` into the text field identified by ``locator``.</doc>
<arguments>
<arg>css:input[name=password]</arg>
<arg>${pass}</arg>
</arguments>
<msg timestamp="20201113 23:00:32.385" level="INFO">Typing text 'abc123' into text field 'css:input[name=password]'.</msg>
<status status="PASS" starttime="20201113 23:00:32.384" endtime="20201113 23:00:32.991"></status>
</kw>
<kw name="Click Element" library="SeleniumLibrary">
<doc>Click the element identified by ``locator``.</doc>
<arguments>
<arg>class:btn-login</arg>
</arguments>
<msg timestamp="20201113 23:00:32.993" level="INFO">Clicking element 'class:btn-login'.</msg>
<status status="PASS" starttime="20201113 23:00:32.992" endtime="20201113 23:00:34.304"></status>
</kw>
<status status="PASS" starttime="20201113 23:00:31.641" endtime="20201113 23:00:34.305"></status>
</kw>
<kw name="Should Contain Login Alert">
<arguments>
<arg>Senha é invalida!</arg>
</arguments>
<kw name="Get WebElement" library="SeleniumLibrary">
<doc>Returns the first WebElement matching the given ``locator``.</doc>
<arguments>
<arg>id:flash</arg>
</arguments>
<assign>
<var>${message}</var>
</assign>
<msg timestamp="20201113 23:00:34.393" level="INFO">${message} = &lt;selenium.webdriver.remote.webelement.WebElement (session="ce4cd8d6c18aa7ee65c0fe3ffdf0c04e", element="0.9307624947053224-1")&gt;</msg>
<status status="PASS" starttime="20201113 23:00:34.312" endtime="20201113 23:00:34.393"></status>
</kw>
<kw name="Should Contain" library="BuiltIn">
<doc>Fails if ``container`` does not contain ``item`` one or more times.</doc>
<arguments>
<arg>${message.text}</arg>
<arg>${expect_message}</arg>
</arguments>
<status status="PASS" starttime="20201113 23:00:34.394" endtime="20201113 23:00:34.509"></status>
</kw>
<status status="PASS" starttime="20201113 23:00:34.308" endtime="20201113 23:00:34.510"></status>
</kw>
<kw name="Encerra sessão" library="base" type="teardown">
<kw name="Capture Page Screenshot" library="SeleniumLibrary">
<doc>Takes a screenshot of the current page and embeds it into a log file.</doc>
<msg timestamp="20201113 23:00:35.269" level="INFO" html="yes">&lt;/td&gt;&lt;/tr&gt;&lt;tr&gt;&lt;td colspan="3"&gt;&lt;a href="selenium-screenshot-49.png"&gt;&lt;img src="selenium-screenshot-49.png" width="800px"&gt;&lt;/a&gt;</msg>
<status status="PASS" starttime="20201113 23:00:34.519" endtime="20201113 23:00:35.271"></status>
</kw>
<kw name="Close Browser" library="SeleniumLibrary">
<doc>Closes the current browser.</doc>
<status status="PASS" starttime="20201113 23:00:35.272" endtime="20201113 23:00:38.606"></status>
</kw>
<status status="PASS" starttime="20201113 23:00:34.515" endtime="20201113 23:00:38.607"></status>
</kw>
<tags>
<tag>login_error</tag>
</tags>
<status status="PASS" starttime="20201113 23:00:19.440" endtime="20201113 23:00:38.609" critical="yes"></status>
</test>
<test id="s1-t3" name="Usuário não existe">
<kw name="Nova sessão" library="base" type="setup">
<kw name="Open Browser" library="SeleniumLibrary">
<doc>Opens a new browser instance to the optional ``url``.</doc>
<arguments>
<arg>${url}</arg>
<arg>chrome</arg>
</arguments>
<msg timestamp="20201113 23:00:38.624" level="INFO">Opening browser 'chrome' to base url 'https://training-wheels-protocol.herokuapp.com'.</msg>
<status status="PASS" starttime="20201113 23:00:38.623" endtime="20201113 23:00:49.698"></status>
</kw>
<status status="PASS" starttime="20201113 23:00:38.620" endtime="20201113 23:00:49.699"></status>
</kw>
<kw name="Go To" library="SeleniumLibrary">
<doc>Navigates the current browser window to the provided ``url``.</doc>
<arguments>
<arg>${url}/login</arg>
</arguments>
<msg timestamp="20201113 23:00:49.715" level="INFO">Opening url 'https://training-wheels-protocol.herokuapp.com/login'</msg>
<status status="PASS" starttime="20201113 23:00:49.713" endtime="20201113 23:00:51.157"></status>
</kw>
<kw name="Login With">
<arguments>
<arg>joelantonio</arg>
<arg>123456</arg>
</arguments>
<kw name="Input Text" library="SeleniumLibrary">
<doc>Types the given ``text`` into the text field identified by ``locator``.</doc>
<arguments>
<arg>css:input[name=username]</arg>
<arg>${uname}</arg>
</arguments>
<msg timestamp="20201113 23:00:51.178" level="INFO">Typing text 'joelantonio' into text field 'css:input[name=username]'.</msg>
<status status="PASS" starttime="20201113 23:00:51.176" endtime="20201113 23:00:52.076"></status>
</kw>
<kw name="Input Text" library="SeleniumLibrary">
<doc>Types the given ``text`` into the text field identified by ``locator``.</doc>
<arguments>
<arg>css:input[name=password]</arg>
<arg>${pass}</arg>
</arguments>
<msg timestamp="20201113 23:00:52.080" level="INFO">Typing text '123456' into text field 'css:input[name=password]'.</msg>
<status status="PASS" starttime="20201113 23:00:52.077" endtime="20201113 23:00:52.783"></status>
</kw>
<kw name="Click Element" library="SeleniumLibrary">
<doc>Click the element identified by ``locator``.</doc>
<arguments>
<arg>class:btn-login</arg>
</arguments>
<msg timestamp="20201113 23:00:52.786" level="INFO">Clicking element 'class:btn-login'.</msg>
<status status="PASS" starttime="20201113 23:00:52.784" endtime="20201113 23:00:54.674"></status>
</kw>
<status status="PASS" starttime="20201113 23:00:51.174" endtime="20201113 23:00:54.675"></status>
</kw>
<kw name="Should Contain Login Alert">
<arguments>
<arg>O usuário informado não está cadastrado!</arg>
</arguments>
<kw name="Get WebElement" library="SeleniumLibrary">
<doc>Returns the first WebElement matching the given ``locator``.</doc>
<arguments>
<arg>id:flash</arg>
</arguments>
<assign>
<var>${message}</var>
</assign>
<msg timestamp="20201113 23:00:54.786" level="INFO">${message} = &lt;selenium.webdriver.remote.webelement.WebElement (session="c2df66d434548c6598fa7f500202a7fa", element="0.8288896793625191-1")&gt;</msg>
<status status="PASS" starttime="20201113 23:00:54.686" endtime="20201113 23:00:54.786"></status>
</kw>
<kw name="Should Contain" library="BuiltIn">
<doc>Fails if ``container`` does not contain ``item`` one or more times.</doc>
<arguments>
<arg>${message.text}</arg>
<arg>${expect_message}</arg>
</arguments>
<status status="PASS" starttime="20201113 23:00:54.787" endtime="20201113 23:00:54.933"></status>
</kw>
<status status="PASS" starttime="20201113 23:00:54.683" endtime="20201113 23:00:54.934"></status>
</kw>
<kw name="Encerra sessão" library="base" type="teardown">
<kw name="Capture Page Screenshot" library="SeleniumLibrary">
<doc>Takes a screenshot of the current page and embeds it into a log file.</doc>
<msg timestamp="20201113 23:00:55.811" level="INFO" html="yes">&lt;/td&gt;&lt;/tr&gt;&lt;tr&gt;&lt;td colspan="3"&gt;&lt;a href="selenium-screenshot-50.png"&gt;&lt;img src="selenium-screenshot-50.png" width="800px"&gt;&lt;/a&gt;</msg>
<status status="PASS" starttime="20201113 23:00:54.940" endtime="20201113 23:00:55.812"></status>
</kw>
<kw name="Close Browser" library="SeleniumLibrary">
<doc>Closes the current browser.</doc>
<status status="PASS" starttime="20201113 23:00:55.812" endtime="20201113 23:00:59.255"></status>
</kw>
<status status="PASS" starttime="20201113 23:00:54.937" endtime="20201113 23:00:59.255"></status>
</kw>
<tags>
<tag>login_user404</tag>
</tags>
<status status="PASS" starttime="20201113 23:00:38.618" endtime="20201113 23:00:59.255" critical="yes"></status>
</test>
<status status="PASS" starttime="20201113 22:59:56.852" endtime="20201113 23:00:59.265"></status>
</suite>
<statistics>
<total>
<stat pass="3" fail="0">Critical Tests</stat>
<stat pass="3" fail="0">All Tests</stat>
</total>
<tag>
<stat pass="1" fail="0">login_error</stat>
<stat pass="1" fail="0">login_user404</stat>
</tag>
<suite>
<stat pass="3" fail="0" id="s1" name="Login Form">Login Form</stat>
</suite>
</statistics>
<errors>
</errors>
</robot>
